# JRE version: OpenJDK Runtime Environment Temurin-21.0.7+6 (21.0.7+6) (build 21.0.7+6-LTS)
# Java VM: OpenJDK 64-Bit Server VM Temurin-21.0.7+6 (21.0.7+6-LTS, mixed mode, sharing, tiered, compressed oops, compressed class ptrs, parallel gc, windows-amd64)
GC Precious Log:
 CardTable entry size: 512
 CPUs: 8 total, 8 available
 Memory: 16126M
 Large Page Support: Disabled
 NUMA Support: Disabled
 Compressed Oops: Enabled (32-bit)
 Alignments: Space 512K, Generation 512K, Heap 2M
 Heap Min Capacity: 100M
 Heap Initial Capacity: 100M
 Heap Max Capacity: 1G
 Pre-touch: Disabled
 Parallel Workers: 8
Heap:
 PSYoungGen      total 2560K, used 2111K [0x00000000eab00000, 0x00000000eae80000, 0x0000000100000000)
  eden space 1536K, 100% used [0x00000000eab00000,0x00000000eac80000,0x00000000eac80000)
  from space 1024K, 56% used [0x00000000ead80000,0x00000000eae0ff70,0x00000000eae80000)
  to   space 1024K, 61% used [0x00000000eac80000,0x00000000ead1e378,0x00000000ead80000)
 ParOldGen       total 299008K, used 298745K [0x00000000c0000000, 0x00000000d2400000, 0x00000000eab00000)
  object space 299008K, 99% used [0x00000000c0000000,0x00000000d23be638,0x00000000d2400000)
 Metaspace       used 49515K, committed 50752K, reserved 1114112K
  class space    used 5132K, committed 5760K, reserved 1048576K
GC Heap History (20 events):
Event: 51.770 GC heap after
{Heap after GC invocations=326 (full 2):
 PSYoungGen      total 2560K, used 619K [0x00000000eab00000, 0x00000000eae80000, 0x0000000100000000)
  eden space 1536K, 0% used [0x00000000eab00000,0x00000000eab00000,0x00000000eac80000)
  from space 1024K, 60% used [0x00000000ead80000,0x00000000eae1ae00,0x00000000eae80000)
  to   space 1024K, 0% used [0x00000000eac80000,0x00000000eac80000,0x00000000ead80000)
 ParOldGen       total 295424K, used 295076K [0x00000000c0000000, 0x00000000d2080000, 0x00000000eab00000)
  object space 295424K, 99% used [0x00000000c0000000,0x00000000d20291a8,0x00000000d2080000)
 Metaspace       used 49515K, committed 50752K, reserved 1114112K
  class space    used 5132K, committed 5760K, reserved 1048576K
}
Event: 51.803 GC heap before
{Heap before GC invocations=327 (full 2):
 PSYoungGen      total 2560K, used 2155K [0x00000000eab00000, 0x00000000eae80000, 0x0000000100000000)
  eden space 1536K, 100% used [0x00000000eab00000,0x00000000eac80000,0x00000000eac80000)
  from space 1024K, 60% used [0x00000000ead80000,0x00000000eae1ae00,0x00000000eae80000)
  to   space 1024K, 0% used [0x00000000eac80000,0x00000000eac80000,0x00000000ead80000)
 ParOldGen       total 295424K, used 295076K [0x00000000c0000000, 0x00000000d2080000, 0x00000000eab00000)
  object space 295424K, 99% used [0x00000000c0000000,0x00000000d20291a8,0x00000000d2080000)
 Metaspace       used 49515K, committed 50752K, reserved 1114112K
  class space    used 5132K, committed 5760K, reserved 1048576K
}
Event: 51.805 GC heap after
{Heap after GC invocations=327 (full 2):
 PSYoungGen      total 2560K, used 501K [0x00000000eab00000, 0x00000000eae80000, 0x0000000100000000)
  eden space 1536K, 0% used [0x00000000eab00000,0x00000000eab00000,0x00000000eac80000)
  from space 1024K, 49% used [0x00000000eac80000,0x00000000eacfd7c8,0x00000000ead80000)
  to   space 1024K, 0% used [0x00000000ead80000,0x00000000ead80000,0x00000000eae80000)
 ParOldGen       total 295936K, used 295555K [0x00000000c0000000, 0x00000000d2100000, 0x00000000eab00000)
  object space 295936K, 99% used [0x00000000c0000000,0x00000000d20a0fc8,0x00000000d2100000)
 Metaspace       used 49515K, committed 50752K, reserved 1114112K
  class space    used 5132K, committed 5760K, reserved 1048576K
}
Event: 51.858 GC heap before
{Heap before GC invocations=328 (full 2):
 PSYoungGen      total 2560K, used 2037K [0x00000000eab00000, 0x00000000eae80000, 0x0000000100000000)
  eden space 1536K, 99% used [0x00000000eab00000,0x00000000eac7fcc8,0x00000000eac80000)
  from space 1024K, 49% used [0x00000000eac80000,0x00000000eacfd7c8,0x00000000ead80000)
  to   space 1024K, 0% used [0x00000000ead80000,0x00000000ead80000,0x00000000eae80000)
 ParOldGen       total 295936K, used 295555K [0x00000000c0000000, 0x00000000d2100000, 0x00000000eab00000)
  object space 295936K, 99% used [0x00000000c0000000,0x00000000d20a0fc8,0x00000000d2100000)
 Metaspace       used 49515K, committed 50752K, reserved 1114112K
  class space    used 5132K, committed 5760K, reserved 1048576K
}
Event: 51.860 GC heap after
{Heap after GC invocations=328 (full 2):
 PSYoungGen      total 2560K, used 514K [0x00000000eab00000, 0x00000000eae80000, 0x0000000100000000)
  eden space 1536K, 0% used [0x00000000eab00000,0x00000000eab00000,0x00000000eac80000)
  from space 1024K, 50% used [0x00000000ead80000,0x00000000eae00858,0x00000000eae80000)
  to   space 1024K, 0% used [0x00000000eac80000,0x00000000eac80000,0x00000000ead80000)
 ParOldGen       total 296448K, used 295977K [0x00000000c0000000, 0x00000000d2180000, 0x00000000eab00000)
  object space 296448K, 99% used [0x00000000c0000000,0x00000000d210a790,0x00000000d2180000)
 Metaspace       used 49515K, committed 50752K, reserved 1114112K
  class space    used 5132K, committed 5760K, reserved 1048576K
}
Event: 51.882 GC heap before
{Heap before GC invocations=329 (full 2):
 PSYoungGen      total 2560K, used 2050K [0x00000000eab00000, 0x00000000eae80000, 0x0000000100000000)
  eden space 1536K, 99% used [0x00000000eab00000,0x00000000eac7ffd8,0x00000000eac80000)
  from space 1024K, 50% used [0x00000000ead80000,0x00000000eae00858,0x00000000eae80000)
  to   space 1024K, 0% used [0x00000000eac80000,0x00000000eac80000,0x00000000ead80000)
 ParOldGen       total 296448K, used 295977K [0x00000000c0000000, 0x00000000d2180000, 0x00000000eab00000)
  object space 296448K, 99% used [0x00000000c0000000,0x00000000d210a790,0x00000000d2180000)
 Metaspace       used 49515K, committed 50752K, reserved 1114112K
  class space    used 5132K, committed 5760K, reserved 1048576K
}
Event: 51.883 GC heap after
{Heap after GC invocations=329 (full 2):
 PSYoungGen      total 2560K, used 596K [0x00000000eab00000, 0x00000000eae80000, 0x0000000100000000)
  eden space 1536K, 0% used [0x00000000eab00000,0x00000000eab00000,0x00000000eac80000)
  from space 1024K, 58% used [0x00000000eac80000,0x00000000ead15260,0x00000000ead80000)
  to   space 1024K, 0% used [0x00000000ead80000,0x00000000ead80000,0x00000000eae80000)
 ParOldGen       total 296448K, used 296369K [0x00000000c0000000, 0x00000000d2180000, 0x00000000eab00000)
  object space 296448K, 99% used [0x00000000c0000000,0x00000000d216c6e0,0x00000000d2180000)
 Metaspace       used 49515K, committed 50752K, reserved 1114112K
  class space    used 5132K, committed 5760K, reserved 1048576K
}
Event: 51.895 GC heap before
{Heap before GC invocations=330 (full 2):
 PSYoungGen      total 2560K, used 1691K [0x00000000eab00000, 0x00000000eae80000, 0x0000000100000000)
  eden space 1536K, 71% used [0x00000000eab00000,0x00000000eac11ab0,0x00000000eac80000)
  from space 1024K, 58% used [0x00000000eac80000,0x00000000ead15260,0x00000000ead80000)
  to   space 1024K, 0% used [0x00000000ead80000,0x00000000ead80000,0x00000000eae80000)
 ParOldGen       total 296448K, used 296369K [0x00000000c0000000, 0x00000000d2180000, 0x00000000eab00000)
  object space 296448K, 99% used [0x00000000c0000000,0x00000000d216c6e0,0x00000000d2180000)
 Metaspace       used 49515K, committed 50752K, reserved 1114112K
  class space    used 5132K, committed 5760K, reserved 1048576K
}
Event: 51.898 GC heap after
{Heap after GC invocations=330 (full 2):
 PSYoungGen      total 2560K, used 570K [0x00000000eab00000, 0x00000000eae80000, 0x0000000100000000)
  eden space 1536K, 0% used [0x00000000eab00000,0x00000000eab00000,0x00000000eac80000)
  from space 1024K, 55% used [0x00000000ead80000,0x00000000eae0ea90,0x00000000eae80000)
  to   space 1024K, 0% used [0x00000000eac80000,0x00000000eac80000,0x00000000ead80000)
 ParOldGen       total 296960K, used 296805K [0x00000000c0000000, 0x00000000d2200000, 0x00000000eab00000)
  object space 296960K, 99% used [0x00000000c0000000,0x00000000d21d9640,0x00000000d2200000)
 Metaspace       used 49515K, committed 50752K, reserved 1114112K
  class space    used 5132K, committed 5760K, reserved 1048576K
}
Event: 51.909 GC heap before
{Heap before GC invocations=331 (full 2):
 PSYoungGen      total 2560K, used 2105K [0x00000000eab00000, 0x00000000eae80000, 0x0000000100000000)
  eden space 1536K, 99% used [0x00000000eab00000,0x00000000eac7fd00,0x00000000eac80000)
  from space 1024K, 55% used [0x00000000ead80000,0x00000000eae0ea90,0x00000000eae80000)
  to   space 1024K, 0% used [0x00000000eac80000,0x00000000eac80000,0x00000000ead80000)
 ParOldGen       total 296960K, used 296805K [0x00000000c0000000, 0x00000000d2200000, 0x00000000eab00000)
  object space 296960K, 99% used [0x00000000c0000000,0x00000000d21d9640,0x00000000d2200000)
 Metaspace       used 49515K, committed 50752K, reserved 1114112K
  class space    used 5132K, committed 5760K, reserved 1048576K
}
Event: 51.911 GC heap after
{Heap after GC invocations=331 (full 2):
 PSYoungGen      total 2560K, used 398K [0x00000000eab00000, 0x00000000eae00000, 0x0000000100000000)
  eden space 1536K, 0% used [0x00000000eab00000,0x00000000eab00000,0x00000000eac80000)
  from space 1024K, 38% used [0x00000000eac80000,0x00000000eace38c8,0x00000000ead80000)
  to   space 512K, 0% used [0x00000000ead80000,0x00000000ead80000,0x00000000eae00000)
 ParOldGen       total 297472K, used 297197K [0x00000000c0000000, 0x00000000d2280000, 0x00000000eab00000)
  object space 297472K, 99% used [0x00000000c0000000,0x00000000d223b458,0x00000000d2280000)
 Metaspace       used 49515K, committed 50752K, reserved 1114112K
  class space    used 5132K, committed 5760K, reserved 1048576K
}
Event: 52.004 GC heap before
{Heap before GC invocations=332 (full 2):
 PSYoungGen      total 2560K, used 1921K [0x00000000eab00000, 0x00000000eae00000, 0x0000000100000000)
  eden space 1536K, 99% used [0x00000000eab00000,0x00000000eac7ce48,0x00000000eac80000)
  from space 1024K, 38% used [0x00000000eac80000,0x00000000eace38c8,0x00000000ead80000)
  to   space 512K, 0% used [0x00000000ead80000,0x00000000ead80000,0x00000000eae00000)
 ParOldGen       total 297472K, used 297197K [0x00000000c0000000, 0x00000000d2280000, 0x00000000eab00000)
  object space 297472K, 99% used [0x00000000c0000000,0x00000000d223b458,0x00000000d2280000)
 Metaspace       used 49515K, committed 50752K, reserved 1114112K
  class space    used 5132K, committed 5760K, reserved 1048576K
}
Event: 52.005 GC heap after
{Heap after GC invocations=332 (full 2):
 PSYoungGen      total 2048K, used 435K [0x00000000eab00000, 0x00000000eae00000, 0x0000000100000000)
  eden space 1536K, 0% used [0x00000000eab00000,0x00000000eab00000,0x00000000eac80000)
  from space 512K, 85% used [0x00000000ead80000,0x00000000eadecd30,0x00000000eae00000)
  to   space 512K, 0% used [0x00000000ead00000,0x00000000ead00000,0x00000000ead80000)
 ParOldGen       total 297984K, used 297488K [0x00000000c0000000, 0x00000000d2300000, 0x00000000eab00000)
  object space 297984K, 99% used [0x00000000c0000000,0x00000000d22843a8,0x00000000d2300000)
 Metaspace       used 49515K, committed 50752K, reserved 1114112K
  class space    used 5132K, committed 5760K, reserved 1048576K
}
Event: 52.065 GC heap before
{Heap before GC invocations=333 (full 2):
 PSYoungGen      total 2048K, used 1965K [0x00000000eab00000, 0x00000000eae00000, 0x0000000100000000)
  eden space 1536K, 99% used [0x00000000eab00000,0x00000000eac7e8e8,0x00000000eac80000)
  from space 512K, 85% used [0x00000000ead80000,0x00000000eadecd30,0x00000000eae00000)
  to   space 512K, 0% used [0x00000000ead00000,0x00000000ead00000,0x00000000ead80000)
 ParOldGen       total 297984K, used 297488K [0x00000000c0000000, 0x00000000d2300000, 0x00000000eab00000)
  object space 297984K, 99% used [0x00000000c0000000,0x00000000d22843a8,0x00000000d2300000)
 Metaspace       used 49515K, committed 50752K, reserved 1114112K
  class space    used 5132K, committed 5760K, reserved 1048576K
}
Event: 52.067 GC heap after
{Heap after GC invocations=333 (full 2):
 PSYoungGen      total 2048K, used 481K [0x00000000eab00000, 0x00000000eae80000, 0x0000000100000000)
  eden space 1536K, 0% used [0x00000000eab00000,0x00000000eab00000,0x00000000eac80000)
  from space 512K, 94% used [0x00000000ead00000,0x00000000ead787a8,0x00000000ead80000)
  to   space 1024K, 0% used [0x00000000ead80000,0x00000000ead80000,0x00000000eae80000)
 ParOldGen       total 297984K, used 297883K [0x00000000c0000000, 0x00000000d2300000, 0x00000000eab00000)
  object space 297984K, 99% used [0x00000000c0000000,0x00000000d22e6fe8,0x00000000d2300000)
 Metaspace       used 49515K, committed 50752K, reserved 1114112K
  class space    used 5132K, committed 5760K, reserved 1048576K
}
Event: 52.111 GC heap before
{Heap before GC invocations=334 (full 2):
 PSYoungGen      total 2048K, used 2017K [0x00000000eab00000, 0x00000000eae80000, 0x0000000100000000)
  eden space 1536K, 100% used [0x00000000eab00000,0x00000000eac80000,0x00000000eac80000)
  from space 512K, 94% used [0x00000000ead00000,0x00000000ead787a8,0x00000000ead80000)
  to   space 1024K, 0% used [0x00000000ead80000,0x00000000ead80000,0x00000000eae80000)
 ParOldGen       total 297984K, used 297883K [0x00000000c0000000, 0x00000000d2300000, 0x00000000eab00000)
  object space 297984K, 99% used [0x00000000c0000000,0x00000000d22e6fe8,0x00000000d2300000)
 Metaspace       used 49515K, committed 50752K, reserved 1114112K
  class space    used 5132K, committed 5760K, reserved 1048576K
}
Event: 52.112 GC heap after
{Heap after GC invocations=334 (full 2):
 PSYoungGen      total 2560K, used 575K [0x00000000eab00000, 0x00000000eae80000, 0x0000000100000000)
  eden space 1536K, 0% used [0x00000000eab00000,0x00000000eab00000,0x00000000eac80000)
  from space 1024K, 56% used [0x00000000ead80000,0x00000000eae0ff70,0x00000000eae80000)
  to   space 1024K, 0% used [0x00000000eac80000,0x00000000eac80000,0x00000000ead80000)
 ParOldGen       total 298496K, used 298316K [0x00000000c0000000, 0x00000000d2380000, 0x00000000eab00000)
  object space 298496K, 99% used [0x00000000c0000000,0x00000000d2353398,0x00000000d2380000)
 Metaspace       used 49515K, committed 50752K, reserved 1114112K
  class space    used 5132K, committed 5760K, reserved 1048576K
}
Event: 52.151 GC heap before
{Heap before GC invocations=335 (full 2):
 PSYoungGen      total 2560K, used 2111K [0x00000000eab00000, 0x00000000eae80000, 0x0000000100000000)
  eden space 1536K, 100% used [0x00000000eab00000,0x00000000eac80000,0x00000000eac80000)
  from space 1024K, 56% used [0x00000000ead80000,0x00000000eae0ff70,0x00000000eae80000)
  to   space 1024K, 0% used [0x00000000eac80000,0x00000000eac80000,0x00000000ead80000)
 ParOldGen       total 298496K, used 298316K [0x00000000c0000000, 0x00000000d2380000, 0x00000000eab00000)
  object space 298496K, 99% used [0x00000000c0000000,0x00000000d2353398,0x00000000d2380000)
 Metaspace       used 49515K, committed 50752K, reserved 1114112K
  class space    used 5132K, committed 5760K, reserved 1048576K
}
Event: 52.153 GC heap after
{Heap after GC invocations=335 (full 2):
 PSYoungGen      total 2560K, used 2111K [0x00000000eab00000, 0x00000000eae80000, 0x0000000100000000)
  eden space 1536K, 100% used [0x00000000eab00000,0x00000000eac80000,0x00000000eac80000)
  from space 1024K, 56% used [0x00000000ead80000,0x00000000eae0ff70,0x00000000eae80000)
  to   space 1024K, 61% used [0x00000000eac80000,0x00000000ead1e378,0x00000000ead80000)
 ParOldGen       total 299008K, used 298745K [0x00000000c0000000, 0x00000000d2400000, 0x00000000eab00000)
  object space 299008K, 99% used [0x00000000c0000000,0x00000000d23be638,0x00000000d2400000)
 Metaspace       used 49515K, committed 50752K, reserved 1114112K
  class space    used 5132K, committed 5760K, reserved 1048576K
}
Event: 52.153 GC heap before
{Heap before GC invocations=336 (full 3):
 PSYoungGen      total 2560K, used 2111K [0x00000000eab00000, 0x00000000eae80000, 0x0000000100000000)
  eden space 1536K, 100% used [0x00000000eab00000,0x00000000eac80000,0x00000000eac80000)
  from space 1024K, 56% used [0x00000000ead80000,0x00000000eae0ff70,0x00000000eae80000)
  to   space 1024K, 61% used [0x00000000eac80000,0x00000000ead1e378,0x00000000ead80000)
 ParOldGen       total 299008K, used 298745K [0x00000000c0000000, 0x00000000d2400000, 0x00000000eab00000)
  object space 299008K, 99% used [0x00000000c0000000,0x00000000d23be638,0x00000000d2400000)
 Metaspace       used 49515K, committed 50752K, reserved 1114112K
  class space    used 5132K, committed 5760K, reserved 1048576K
}

